#
# A fatal error has been detected by the Java Runtime Environment:
#
#  Internal Error (generateOopMap.cpp:2164), pid=12592, tid=22720
#  fatal error: Illegal class file encountered. Try running with -Xverify:all in method main
#
# JRE version: OpenJDK Runtime Environment (16.0.1+9) (build 16.0.1+9-24)
# Java VM: OpenJDK 64-Bit Server VM (16.0.1+9-24, mixed mode, tiered, compressed oops, compressed class ptrs, g1 gc, windows-amd64)
# No core dump will be written. Minidumps are not enabled by default on client versions of Windows
#
# If you would like to submit a bug report, please visit:
#   https://bugreport.java.com/bugreport/crash.jsp
#

---------------  S U M M A R Y ------------

Command Line: -XX:+ShowCodeDetailsInExceptionMessages -agentlib:jdwp=transport=dt_socket,suspend=y,address=localhost:49774 -javaagent:C:\Program Files\eclipse\eclipse-java-2021-06-R-win32-x86_64\eclipse\configuration\org.eclipse.osgi\222\0\.cp\lib\javaagent-shaded.jar -Dfile.encoding=MS949 practice.¹®Ç×13¹ø

Host: Intel(R) Core(TM) i7-8565U CPU @ 1.80GHz, 8 cores, 7G,  Windows 10 , 64 bit Build 19041 (10.0.19041.1023)
Time: Sat Jul  3 17:57:12 2021  Windows 10 , 64 bit Build 19041 (10.0.19041.1023) elapsed time: 914.217527 seconds (0d 0h 15m 14s)

---------------  T H R E A D  ---------------

Current thread (0x00000211d95dee10):  VMThread "VM Thread" [stack: 0x0000005fe0d00000,0x0000005fe0e00000] [id=22720]

Stack: [0x0000005fe0d00000,0x0000005fe0e00000]
Native frames: (J=compiled Java code, j=interpreted, Vv=VM code, C=native code)
V  [jvm.dll+0x6687ca]
V  [jvm.dll+0x7ca3c9]
V  [jvm.dll+0x7cbb53]
V  [jvm.dll+0x7cc167]
V  [jvm.dll+0x242c03]
V  [jvm.dll+0x3312e9]
V  [jvm.dll+0x32efdf]
V  [jvm.dll+0x32fd1e]
V  [jvm.dll+0x65730e]
V  [jvm.dll+0x656fd3]
V  [jvm.dll+0x61c848]
V  [jvm.dll+0x7c1e55]
V  [jvm.dll+0x520b76]
V  [jvm.dll+0x7d05eb]
V  [jvm.dll+0x7d12e4]
V  [jvm.dll+0x7d17e9]
V  [jvm.dll+0x7d1aa4]
V  [jvm.dll+0x7d1b70]
V  [jvm.dll+0x779b4a]
V  [jvm.dll+0x667666]
C  [ucrtbase.dll+0x21bb2]
C  [KERNEL32.DLL+0x17034]
C  [ntdll.dll+0x52651]

VM_Operation (0x0000005fe18ff660): get/set locals, mode: safepoint, requested by thread 0x00000211da2c1ee0


---------------  P R O C E S S  ---------------

Threads class SMR info:
_java_thread_list=0x00000211da77f4d0, length=15, elements={
0x00000211bd84be90, 0x00000211d95f5250, 0x00000211d95f5d60, 0x00000211d9626620,
0x00000211d9627130, 0x00000211d9629d60, 0x00000211da02e160, 0x00000211da0375d0,
0x00000211da037f20, 0x00000211da042c60, 0x00000211d9562650, 0x00000211da2c1ee0,
0x00000211da2dd880, 0x00000211da2dddc0, 0x00000211da7652a0
}

Java Threads: ( => current thread )
  0x00000211bd84be90 JavaThread "main" [_thread_blocked, id=18136, stack(0x0000005fe0700000,0x0000005fe0800000)]
  0x00000211d95f5250 JavaThread "Reference Handler" daemon [_thread_blocked, id=15684, stack(0x0000005fe0e00000,0x0000005fe0f00000)]
  0x00000211d95f5d60 JavaThread "Finalizer" daemon [_thread_blocked, id=17952, stack(0x0000005fe0f00000,0x0000005fe1000000)]
  0x00000211d9626620 JavaThread "Signal Dispatcher" daemon [_thread_blocked, id=26440, stack(0x0000005fe1000000,0x0000005fe1100000)]
  0x00000211d9627130 JavaThread "Attach Listener" daemon [_thread_blocked, id=9800, stack(0x0000005fe1100000,0x0000005fe1200000)]
  0x00000211d9629d60 JavaThread "Service Thread" daemon [_thread_blocked, id=17728, stack(0x0000005fe1200000,0x0000005fe1300000)]
  0x00000211da02e160 JavaThread "Monitor Deflation Thread" daemon [_thread_blocked, id=8680, stack(0x0000005fe1300000,0x0000005fe1400000)]
  0x00000211da0375d0 JavaThread "C2 CompilerThread0" daemon [_thread_blocked, id=25272, stack(0x0000005fe1400000,0x0000005fe1500000)]
  0x00000211da037f20 JavaThread "C1 CompilerThread0" daemon [_thread_blocked, id=12016, stack(0x0000005fe1500000,0x0000005fe1600000)]
  0x00000211da042c60 JavaThread "Sweeper thread" daemon [_thread_blocked, id=17024, stack(0x0000005fe1600000,0x0000005fe1700000)]
  0x00000211d9562650 JavaThread "Common-Cleaner" daemon [_thread_blocked, id=27076, stack(0x0000005fe1700000,0x0000005fe1800000)]
  0x00000211da2c1ee0 JavaThread "JDWP Transport Listener: dt_socket" daemon [_thread_blocked, id=26564, stack(0x0000005fe1800000,0x0000005fe1900000)] _threads_hazard_ptr=0x00000211da77f4d0
  0x00000211da2dd880 JavaThread "JDWP Event Helper Thread" daemon [_thread_blocked, id=12000, stack(0x0000005fe1900000,0x0000005fe1a00000)]
  0x00000211da2dddc0 JavaThread "JDWP Command Reader" daemon [_thread_in_native, id=27540, stack(0x0000005fe1a00000,0x0000005fe1b00000)]
  0x00000211da7652a0 JavaThread "Notification Thread" daemon [_thread_blocked, id=1196, stack(0x0000005fe1b00000,0x0000005fe1c00000)]

Other Threads:
=>0x00000211d95dee10 VMThread "VM Thread" [stack: 0x0000005fe0d00000,0x0000005fe0e00000] [id=22720]
  0x00000211da7657c0 WatcherThread [stack: 0x0000005fe1c00000,0x0000005fe1d00000] [id=7196]
  0x00000211bd88ed80 GCTaskThread "GC Thread#0" [stack: 0x0000005fe0800000,0x0000005fe0900000] [id=18192]
  0x00000211bd8a1200 ConcurrentGCThread "G1 Main Marker" [stack: 0x0000005fe0900000,0x0000005fe0a00000] [id=11980]
  0x00000211bd8a2b90 ConcurrentGCThread "G1 Conc#0" [stack: 0x0000005fe0a00000,0x0000005fe0b00000] [id=792]
  0x00000211bd92d3a0 ConcurrentGCThread "G1 Refine#0" [stack: 0x0000005fe0b00000,0x0000005fe0c00000] [id=16148]
  0x00000211bd92dd30 ConcurrentGCThread "G1 Service" [stack: 0x0000005fe0c00000,0x0000005fe0d00000] [id=8396]

Threads with active compile tasks:

VM state: at safepoint (normal execution)

VM Mutex/Monitor currently owned by a thread:  ([mutex/lock_event])
[0x00000211bd848b80] Threads_lock - owner thread: 0x00000211d95dee10

Heap address: 0x0000000081c00000, size: 2020 MB, Compressed Oops mode: 32-bit

CDS disabled.
Compressed class space mapped at: 0x0000000100000000-0x0000000140000000, reserved size: 1073741824
Narrow klass base: 0x0000000000000000, Narrow klass shift: 3, Narrow klass range: 0x140000000

GC Precious Log:
 CPUs: 8 total, 8 available
 Memory: 8072M
 Large Page Support: Disabled
 NUMA Support: Disabled
 Compressed Oops: Enabled (32-bit)
 Heap Region Size: 1M
 Heap Min Capacity: 8M
 Heap Initial Capacity: 128M
 Heap Max Capacity: 2020M
 Pre-touch: Disabled
 Parallel Workers: 8
 Concurrent Workers: 2
 Concurrent Refinement Workers: 8
 Periodic GC: Disabled

Heap:
 garbage-first heap   total 131072K, used 5120K [0x0000000081c00000, 0x0000000100000000)
  region size 1024K, 6 young (6144K), 0 survivors (0K)
 Metaspace       used 9230K, committed 9344K, reserved 1064960K
  class space    used 786K, committed 832K, reserved 1048576K

Heap Regions: E=young(eden), S=young(survivor), O=old, HS=humongous(starts), HC=humongous(continues), CS=collection set, F=free, OA=open archive, CA=closed archive, TAMS=top-at-mark-start (previous, next)
|   0|0x0000000081c00000, 0x0000000081c00000, 0x0000000081d00000|  0%| F|  |TAMS 0x0000000081c00000, 0x0000000081c00000| Untracked 
|   1|0x0000000081d00000, 0x0000000081d00000, 0x0000000081e00000|  0%| F|  |TAMS 0x0000000081d00000, 0x0000000081d00000| Untracked 
|   2|0x0000000081e00000, 0x0000000081e00000, 0x0000000081f00000|  0%| F|  |TAMS 0x0000000081e00000, 0x0000000081e00000| Untracked 
|   3|0x0000000081f00000, 0x0000000081f00000, 0x0000000082000000|  0%| F|  |TAMS 0x0000000081f00000, 0x0000000081f00000| Untracked 
|   4|0x0000000082000000, 0x0000000082000000, 0x0000000082100000|  0%| F|  |TAMS 0x0000000082000000, 0x0000000082000000| Untracked 
|   5|0x0000000082100000, 0x0000000082100000, 0x0000000082200000|  0%| F|  |TAMS 0x0000000082100000, 0x0000000082100000| Untracked 
|   6|0x0000000082200000, 0x0000000082200000, 0x0000000082300000|  0%| F|  |TAMS 0x0000000082200000, 0x0000000082200000| Untracked 
|   7|0x0000000082300000, 0x0000000082300000, 0x0000000082400000|  0%| F|  |TAMS 0x0000000082300000, 0x0000000082300000| Untracked 
|   8|0x0000000082400000, 0x0000000082400000, 0x0000000082500000|  0%| F|  |TAMS 0x0000000082400000, 0x0000000082400000| Untracked 
|   9|0x0000000082500000, 0x0000000082500000, 0x0000000082600000|  0%| F|  |TAMS 0x0000000082500000, 0x0000000082500000| Untracked 
|  10|0x0000000082600000, 0x0000000082600000, 0x0000000082700000|  0%| F|  |TAMS 0x0000000082600000, 0x0000000082600000| Untracked 
|  11|0x0000000082700000, 0x0000000082700000, 0x0000000082800000|  0%| F|  |TAMS 0x0000000082700000, 0x0000000082700000| Untracked 
|  12|0x0000000082800000, 0x0000000082800000, 0x0000000082900000|  0%| F|  |TAMS 0x0000000082800000, 0x0000000082800000| Untracked 
|  13|0x0000000082900000, 0x0000000082900000, 0x0000000082a00000|  0%| F|  |TAMS 0x0000000082900000, 0x0000000082900000| Untracked 
|  14|0x0000000082a00000, 0x0000000082a00000, 0x0000000082b00000|  0%| F|  |TAMS 0x0000000082a00000, 0x0000000082a00000| Untracked 
|  15|0x0000000082b00000, 0x0000000082b00000, 0x0000000082c00000|  0%| F|  |TAMS 0x0000000082b00000, 0x0000000082b00000| Untracked 
|  16|0x0000000082c00000, 0x0000000082c00000, 0x0000000082d00000|  0%| F|  |TAMS 0x0000000082c00000, 0x0000000082c00000| Untracked 
|  17|0x0000000082d00000, 0x0000000082d00000, 0x0000000082e00000|  0%| F|  |TAMS 0x0000000082d00000, 0x0000000082d00000| Untracked 
|  18|0x0000000082e00000, 0x0000000082e00000, 0x0000000082f00000|  0%| F|  |TAMS 0x0000000082e00000, 0x0000000082e00000| Untracked 
|  19|0x0000000082f00000, 0x0000000082f00000, 0x0000000083000000|  0%| F|  |TAMS 0x0000000082f00000, 0x0000000082f00000| Untracked 
|  20|0x0000000083000000, 0x0000000083000000, 0x0000000083100000|  0%| F|  |TAMS 0x0000000083000000, 0x0000000083000000| Untracked 
|  21|0x0000000083100000, 0x0000000083100000, 0x0000000083200000|  0%| F|  |TAMS 0x0000000083100000, 0x0000000083100000| Untracked 
|  22|0x0000000083200000, 0x0000000083200000, 0x0000000083300000|  0%| F|  |TAMS 0x0000000083200000, 0x0000000083200000| Untracked 
|  23|0x0000000083300000, 0x0000000083300000, 0x0000000083400000|  0%| F|  |TAMS 0x0000000083300000, 0x0000000083300000| Untracked 
|  24|0x0000000083400000, 0x0000000083400000, 0x0000000083500000|  0%| F|  |TAMS 0x0000000083400000, 0x0000000083400000| Untracked 
|  25|0x0000000083500000, 0x0000000083500000, 0x0000000083600000|  0%| F|  |TAMS 0x0000000083500000, 0x0000000083500000| Untracked 
|  26|0x0000000083600000, 0x0000000083600000, 0x0000000083700000|  0%| F|  |TAMS 0x0000000083600000, 0x0000000083600000| Untracked 
|  27|0x0000000083700000, 0x0000000083700000, 0x0000000083800000|  0%| F|  |TAMS 0x0000000083700000, 0x0000000083700000| Untracked 
|  28|0x0000000083800000, 0x0000000083800000, 0x0000000083900000|  0%| F|  |TAMS 0x0000000083800000, 0x0000000083800000| Untracked 
|  29|0x0000000083900000, 0x0000000083900000, 0x0000000083a00000|  0%| F|  |TAMS 0x0000000083900000, 0x0000000083900000| Untracked 
|  30|0x0000000083a00000, 0x0000000083a00000, 0x0000000083b00000|  0%| F|  |TAMS 0x0000000083a00000, 0x0000000083a00000| Untracked 
|  31|0x0000000083b00000, 0x0000000083b00000, 0x0000000083c00000|  0%| F|  |TAMS 0x0000000083b00000, 0x0000000083b00000| Untracked 
|  32|0x0000000083c00000, 0x0000000083c00000, 0x0000000083d00000|  0%| F|  |TAMS 0x0000000083c00000, 0x0000000083c00000| Untracked 
|  33|0x0000000083d00000, 0x0000000083d00000, 0x0000000083e00000|  0%| F|  |TAMS 0x0000000083d00000, 0x0000000083d00000| Untracked 
|  34|0x0000000083e00000, 0x0000000083e00000, 0x0000000083f00000|  0%| F|  |TAMS 0x0000000083e00000, 0x0000000083e00000| Untracked 
|  35|0x0000000083f00000, 0x0000000083f00000, 0x0000000084000000|  0%| F|  |TAMS 0x0000000083f00000, 0x0000000083f00000| Untracked 
|  36|0x0000000084000000, 0x0000000084000000, 0x0000000084100000|  0%| F|  |TAMS 0x0000000084000000, 0x0000000084000000| Untracked 
|  37|0x0000000084100000, 0x0000000084100000, 0x0000000084200000|  0%| F|  |TAMS 0x0000000084100000, 0x0000000084100000| Untracked 
|  38|0x0000000084200000, 0x0000000084200000, 0x0000000084300000|  0%| F|  |TAMS 0x0000000084200000, 0x0000000084200000| Untracked 
|  39|0x0000000084300000, 0x0000000084300000, 0x0000000084400000|  0%| F|  |TAMS 0x0000000084300000, 0x0000000084300000| Untracked 
|  40|0x0000000084400000, 0x0000000084400000, 0x0000000084500000|  0%| F|  |TAMS 0x0000000084400000, 0x0000000084400000| Untracked 
|  41|0x0000000084500000, 0x0000000084500000, 0x0000000084600000|  0%| F|  |TAMS 0x0000000084500000, 0x0000000084500000| Untracked 
|  42|0x0000000084600000, 0x0000000084600000, 0x0000000084700000|  0%| F|  |TAMS 0x0000000084600000, 0x0000000084600000| Untracked 
|  43|0x0000000084700000, 0x0000000084700000, 0x0000000084800000|  0%| F|  |TAMS 0x0000000084700000, 0x0000000084700000| Untracked 
|  44|0x0000000084800000, 0x0000000084800000, 0x0000000084900000|  0%| F|  |TAMS 0x0000000084800000, 0x0000000084800000| Untracked 
|  45|0x0000000084900000, 0x0000000084900000, 0x0000000084a00000|  0%| F|  |TAMS 0x0000000084900000, 0x0000000084900000| Untracked 
|  46|0x0000000084a00000, 0x0000000084a00000, 0x0000000084b00000|  0%| F|  |TAMS 0x0000000084a00000, 0x0000000084a00000| Untracked 
|  47|0x0000000084b00000, 0x0000000084b00000, 0x0000000084c00000|  0%| F|  |TAMS 0x0000000084b00000, 0x0000000084b00000| Untracked 
|  48|0x0000000084c00000, 0x0000000084c00000, 0x0000000084d00000|  0%| F|  |TAMS 0x0000000084c00000, 0x0000000084c00000| Untracked 
|  49|0x0000000084d00000, 0x0000000084d00000, 0x0000000084e00000|  0%| F|  |TAMS 0x0000000084d00000, 0x0000000084d00000| Untracked 
|  50|0x0000000084e00000, 0x0000000084e00000, 0x0000000084f00000|  0%| F|  |TAMS 0x0000000084e00000, 0x0000000084e00000| Untracked 
|  51|0x0000000084f00000, 0x0000000084f00000, 0x0000000085000000|  0%| F|  |TAMS 0x0000000084f00000, 0x0000000084f00000| Untracked 
|  52|0x0000000085000000, 0x0000000085000000, 0x0000000085100000|  0%| F|  |TAMS 0x0000000085000000, 0x0000000085000000| Untracked 
|  53|0x0000000085100000, 0x0000000085100000, 0x0000000085200000|  0%| F|  |TAMS 0x0000000085100000, 0x0000000085100000| Untracked 
|  54|0x0000000085200000, 0x0000000085200000, 0x0000000085300000|  0%| F|  |TAMS 0x0000000085200000, 0x0000000085200000| Untracked 
|  55|0x0000000085300000, 0x0000000085300000, 0x0000000085400000|  0%| F|  |TAMS 0x0000000085300000, 0x0000000085300000| Untracked 
|  56|0x0000000085400000, 0x0000000085400000, 0x0000000085500000|  0%| F|  |TAMS 0x0000000085400000, 0x0000000085400000| Untracked 
|  57|0x0000000085500000, 0x0000000085500000, 0x0000000085600000|  0%| F|  |TAMS 0x0000000085500000, 0x0000000085500000| Untracked 
|  58|0x0000000085600000, 0x0000000085600000, 0x0000000085700000|  0%| F|  |TAMS 0x0000000085600000, 0x0000000085600000| Untracked 
|  59|0x0000000085700000, 0x0000000085700000, 0x0000000085800000|  0%| F|  |TAMS 0x0000000085700000, 0x0000000085700000| Untracked 
|  60|0x0000000085800000, 0x0000000085800000, 0x0000000085900000|  0%| F|  |TAMS 0x0000000085800000, 0x0000000085800000| Untracked 
|  61|0x0000000085900000, 0x0000000085900000, 0x0000000085a00000|  0%| F|  |TAMS 0x0000000085900000, 0x0000000085900000| Untracked 
|  62|0x0000000085a00000, 0x0000000085a00000, 0x0000000085b00000|  0%| F|  |TAMS 0x0000000085a00000, 0x0000000085a00000| Untracked 
|  63|0x0000000085b00000, 0x0000000085b00000, 0x0000000085c00000|  0%| F|  |TAMS 0x0000000085b00000, 0x0000000085b00000| Untracked 
|  64|0x0000000085c00000, 0x0000000085c00000, 0x0000000085d00000|  0%| F|  |TAMS 0x0000000085c00000, 0x0000000085c00000| Untracked 
|  65|0x0000000085d00000, 0x0000000085d00000, 0x0000000085e00000|  0%| F|  |TAMS 0x0000000085d00000, 0x0000000085d00000| Untracked 
|  66|0x0000000085e00000, 0x0000000085e00000, 0x0000000085f00000|  0%| F|  |TAMS 0x0000000085e00000, 0x0000000085e00000| Untracked 
|  67|0x0000000085f00000, 0x0000000085f00000, 0x0000000086000000|  0%| F|  |TAMS 0x0000000085f00000, 0x0000000085f00000| Untracked 
|  68|0x0000000086000000, 0x0000000086000000, 0x0000000086100000|  0%| F|  |TAMS 0x0000000086000000, 0x0000000086000000| Untracked 
|  69|0x0000000086100000, 0x0000000086100000, 0x0000000086200000|  0%| F|  |TAMS 0x0000000086100000, 0x0000000086100000| Untracked 
|  70|0x0000000086200000, 0x0000000086200000, 0x0000000086300000|  0%| F|  |TAMS 0x0000000086200000, 0x0000000086200000| Untracked 
|  71|0x0000000086300000, 0x0000000086300000, 0x0000000086400000|  0%| F|  |TAMS 0x0000000086300000, 0x0000000086300000| Untracked 
|  72|0x0000000086400000, 0x0000000086400000, 0x0000000086500000|  0%| F|  |TAMS 0x0000000086400000, 0x0000000086400000| Untracked 
|  73|0x0000000086500000, 0x0000000086500000, 0x0000000086600000|  0%| F|  |TAMS 0x0000000086500000, 0x0000000086500000| Untracked 
|  74|0x0000000086600000, 0x0000000086600000, 0x0000000086700000|  0%| F|  |TAMS 0x0000000086600000, 0x0000000086600000| Untracked 
|  75|0x0000000086700000, 0x0000000086700000, 0x0000000086800000|  0%| F|  |TAMS 0x0000000086700000, 0x0000000086700000| Untracked 
|  76|0x0000000086800000, 0x0000000086800000, 0x0000000086900000|  0%| F|  |TAMS 0x0000000086800000, 0x0000000086800000| Untracked 
|  77|0x0000000086900000, 0x0000000086900000, 0x0000000086a00000|  0%| F|  |TAMS 0x0000000086900000, 0x0000000086900000| Untracked 
|  78|0x0000000086a00000, 0x0000000086a00000, 0x0000000086b00000|  0%| F|  |TAMS 0x0000000086a00000, 0x0000000086a00000| Untracked 
|  79|0x0000000086b00000, 0x0000000086b00000, 0x0000000086c00000|  0%| F|  |TAMS 0x0000000086b00000, 0x0000000086b00000| Untracked 
|  80|0x0000000086c00000, 0x0000000086c00000, 0x0000000086d00000|  0%| F|  |TAMS 0x0000000086c00000, 0x0000000086c00000| Untracked 
|  81|0x0000000086d00000, 0x0000000086d00000, 0x0000000086e00000|  0%| F|  |TAMS 0x0000000086d00000, 0x0000000086d00000| Untracked 
|  82|0x0000000086e00000, 0x0000000086e00000, 0x0000000086f00000|  0%| F|  |TAMS 0x0000000086e00000, 0x0000000086e00000| Untracked 
|  83|0x0000000086f00000, 0x0000000086f00000, 0x0000000087000000|  0%| F|  |TAMS 0x0000000086f00000, 0x0000000086f00000| Untracked 
|  84|0x0000000087000000, 0x0000000087000000, 0x0000000087100000|  0%| F|  |TAMS 0x0000000087000000, 0x0000000087000000| Untracked 
|  85|0x0000000087100000, 0x0000000087100000, 0x0000000087200000|  0%| F|  |TAMS 0x0000000087100000, 0x0000000087100000| Untracked 
|  86|0x0000000087200000, 0x0000000087200000, 0x0000000087300000|  0%| F|  |TAMS 0x0000000087200000, 0x0000000087200000| Untracked 
|  87|0x0000000087300000, 0x0000000087300000, 0x0000000087400000|  0%| F|  |TAMS 0x0000000087300000, 0x0000000087300000| Untracked 
|  88|0x0000000087400000, 0x0000000087400000, 0x0000000087500000|  0%| F|  |TAMS 0x0000000087400000, 0x0000000087400000| Untracked 
|  89|0x0000000087500000, 0x0000000087500000, 0x0000000087600000|  0%| F|  |TAMS 0x0000000087500000, 0x0000000087500000| Untracked 
|  90|0x0000000087600000, 0x0000000087600000, 0x0000000087700000|  0%| F|  |TAMS 0x0000000087600000, 0x0000000087600000| Untracked 
|  91|0x0000000087700000, 0x0000000087700000, 0x0000000087800000|  0%| F|  |TAMS 0x0000000087700000, 0x0000000087700000| Untracked 
|  92|0x0000000087800000, 0x0000000087800000, 0x0000000087900000|  0%| F|  |TAMS 0x0000000087800000, 0x0000000087800000| Untracked 
|  93|0x0000000087900000, 0x0000000087900000, 0x0000000087a00000|  0%| F|  |TAMS 0x0000000087900000, 0x0000000087900000| Untracked 
|  94|0x0000000087a00000, 0x0000000087a00000, 0x0000000087b00000|  0%| F|  |TAMS 0x0000000087a00000, 0x0000000087a00000| Untracked 
|  95|0x0000000087b00000, 0x0000000087b00000, 0x0000000087c00000|  0%| F|  |TAMS 0x0000000087b00000, 0x0000000087b00000| Untracked 
|  96|0x0000000087c00000, 0x0000000087c00000, 0x0000000087d00000|  0%| F|  |TAMS 0x0000000087c00000, 0x0000000087c00000| Untracked 
|  97|0x0000000087d00000, 0x0000000087d00000, 0x0000000087e00000|  0%| F|  |TAMS 0x0000000087d00000, 0x0000000087d00000| Untracked 
|  98|0x0000000087e00000, 0x0000000087e00000, 0x0000000087f00000|  0%| F|  |TAMS 0x0000000087e00000, 0x0000000087e00000| Untracked 
|  99|0x0000000087f00000, 0x0000000087f00000, 0x0000000088000000|  0%| F|  |TAMS 0x0000000087f00000, 0x0000000087f00000| Untracked 
| 100|0x0000000088000000, 0x0000000088000000, 0x0000000088100000|  0%| F|  |TAMS 0x0000000088000000, 0x0000000088000000| Untracked 
| 101|0x0000000088100000, 0x0000000088100000, 0x0000000088200000|  0%| F|  |TAMS 0x0000000088100000, 0x0000000088100000| Untracked 
| 102|0x0000000088200000, 0x0000000088200000, 0x0000000088300000|  0%| F|  |TAMS 0x0000000088200000, 0x0000000088200000| Untracked 
| 103|0x0000000088300000, 0x0000000088300000, 0x0000000088400000|  0%| F|  |TAMS 0x0000000088300000, 0x0000000088300000| Untracked 
| 104|0x0000000088400000, 0x0000000088400000, 0x0000000088500000|  0%| F|  |TAMS 0x0000000088400000, 0x0000000088400000| Untracked 
| 105|0x0000000088500000, 0x0000000088500000, 0x0000000088600000|  0%| F|  |TAMS 0x0000000088500000, 0x0000000088500000| Untracked 
| 106|0x0000000088600000, 0x0000000088600000, 0x0000000088700000|  0%| F|  |TAMS 0x0000000088600000, 0x0000000088600000| Untracked 
| 107|0x0000000088700000, 0x0000000088700000, 0x0000000088800000|  0%| F|  |TAMS 0x0000000088700000, 0x0000000088700000| Untracked 
| 108|0x0000000088800000, 0x0000000088800000, 0x0000000088900000|  0%| F|  |TAMS 0x0000000088800000, 0x0000000088800000| Untracked 
| 109|0x0000000088900000, 0x0000000088900000, 0x0000000088a00000|  0%| F|  |TAMS 0x0000000088900000, 0x0000000088900000| Untracked 
| 110|0x0000000088a00000, 0x0000000088a00000, 0x0000000088b00000|  0%| F|  |TAMS 0x0000000088a00000, 0x0000000088a00000| Untracked 
| 111|0x0000000088b00000, 0x0000000088b00000, 0x0000000088c00000|  0%| F|  |TAMS 0x0000000088b00000, 0x0000000088b00000| Untracked 
| 112|0x0000000088c00000, 0x0000000088c00000, 0x0000000088d00000|  0%| F|  |TAMS 0x0000000088c00000, 0x0000000088c00000| Untracked 
| 113|0x0000000088d00000, 0x0000000088d00000, 0x0000000088e00000|  0%| F|  |TAMS 0x0000000088d00000, 0x0000000088d00000| Untracked 
| 114|0x0000000088e00000, 0x0000000088e00000, 0x0000000088f00000|  0%| F|  |TAMS 0x0000000088e00000, 0x0000000088e00000| Untracked 
| 115|0x0000000088f00000, 0x0000000088f00000, 0x0000000089000000|  0%| F|  |TAMS 0x0000000088f00000, 0x0000000088f00000| Untracked 
| 116|0x0000000089000000, 0x0000000089000000, 0x0000000089100000|  0%| F|  |TAMS 0x0000000089000000, 0x0000000089000000| Untracked 
| 117|0x0000000089100000, 0x0000000089100000, 0x0000000089200000|  0%| F|  |TAMS 0x0000000089100000, 0x0000000089100000| Untracked 
| 118|0x0000000089200000, 0x0000000089200000, 0x0000000089300000|  0%| F|  |TAMS 0x0000000089200000, 0x0000000089200000| Untracked 
| 119|0x0000000089300000, 0x0000000089300000, 0x0000000089400000|  0%| F|  |TAMS 0x0000000089300000, 0x0000000089300000| Untracked 
| 120|0x0000000089400000, 0x0000000089400000, 0x0000000089500000|  0%| F|  |TAMS 0x0000000089400000, 0x0000000089400000| Untracked 
| 121|0x0000000089500000, 0x0000000089500000, 0x0000000089600000|  0%| F|  |TAMS 0x0000000089500000, 0x0000000089500000| Untracked 
| 122|0x0000000089600000, 0x00000000896ed6d0, 0x0000000089700000| 92%| E|  |TAMS 0x0000000089600000, 0x0000000089600000| Complete 
| 123|0x0000000089700000, 0x0000000089800000, 0x0000000089800000|100%| E|CS|TAMS 0x0000000089700000, 0x0000000089700000| Complete 
| 124|0x0000000089800000, 0x0000000089900000, 0x0000000089900000|100%| E|CS|TAMS 0x0000000089800000, 0x0000000089800000| Complete 
| 125|0x0000000089900000, 0x0000000089a00000, 0x0000000089a00000|100%| E|CS|TAMS 0x0000000089900000, 0x0000000089900000| Complete 
| 126|0x0000000089a00000, 0x0000000089b00000, 0x0000000089b00000|100%| E|CS|TAMS 0x0000000089a00000, 0x0000000089a00000| Complete 
| 127|0x0000000089b00000, 0x0000000089c00000, 0x0000000089c00000|100%| E|CS|TAMS 0x0000000089b00000, 0x0000000089b00000| Complete 

Card table byte_map: [0x00000211d2400000,0x00000211d2800000] _byte_map_base: 0x00000211d1ff2000

Marking Bits (Prev, Next): (CMBitMap*) 0x00000211bd890390, (CMBitMap*) 0x00000211bd8903d0
 Prev Bits: [0x00000211d2c00000, 0x00000211d4b90000)
 Next Bits: [0x00000211d4b90000, 0x00000211d6b20000)

Polling page: 0x00000211bd930000

Metaspace:

Usage:
  Non-class:      8.25 MB used.
      Class:    786.36 KB used.
       Both:      9.01 MB used.

Virtual space:
  Non-class space:       16.00 MB reserved,       8.31 MB ( 52%) committed,  2 nodes.
      Class space:        1.00 GB reserved,     832.00 KB ( <1%) committed,  1 nodes.
              Both:        1.02 GB reserved,       9.12 MB ( <1%) committed. 

Chunk freelists:
   Non-Class:  2.75 MB
       Class:  3.23 MB
        Both:  5.98 MB

MaxMetaspaceSize: 17179869184.00 GB
CompressedClassSpaceSize: 1.00 GB
 - commit_granule_bytes: 65536.
 - commit_granule_words: 8192.
 - virtual_space_node_default_size: 1048576.
 - enlarge_chunks_in_place: 1.
 - new_chunks_are_fully_committed: 0.
 - uncommit_free_chunks: 1.
 - use_allocation_guard: 0.
 - handle_deallocations: 1.


Internal statistics:

num_allocs_failed_limit: 0.
num_arena_births: 10.
num_arena_deaths: 0.
num_vsnodes_births: 3.
num_vsnodes_deaths: 0.
num_space_committed: 146.
num_space_uncommitted: 0.
num_chunks_returned_to_freelist: 0.
num_chunks_taken_from_freelist: 49.
num_chunk_merges: 0.
num_chunk_splits: 19.
num_chunks_enlarged: 12.
num_purges: 0.

CodeHeap 'non-profiled nmethods': size=120000Kb used=125Kb max_used=125Kb free=119874Kb
 bounds [0x00000211ca060000, 0x00000211ca2d0000, 0x00000211d1590000]
CodeHeap 'profiled nmethods': size=120000Kb used=560Kb max_used=560Kb free=119439Kb
 bounds [0x00000211c2b30000, 0x00000211c2da0000, 0x00000211ca060000]
CodeHeap 'non-nmethods': size=5760Kb used=1201Kb max_used=1219Kb free=4558Kb
 bounds [0x00000211c2590000, 0x00000211c2800000, 0x00000211c2b30000]
 total_blobs=812 nmethods=405 adapters=320
 compilation: enabled
              stopped_count=0, restarted_count=0
 full_count=0

Compilation events (20 events):
Event: 348.269 Thread 0x00000211da037f20  403       3       java.lang.String::<init> (74 bytes)
Event: 348.270 Thread 0x00000211da037f20 nmethod 403 0x00000211c2bb9d10 code [0x00000211c2bb9f00, 0x00000211c2bba318]
Event: 348.270 Thread 0x00000211da037f20  402       3       org.eclipse.jdt.launching.internal.org.objectweb.asm.SymbolTable$Entry::<init> (17 bytes)
Event: 348.270 Thread 0x00000211da037f20 nmethod 402 0x00000211c2bba410 code [0x00000211c2bba5c0, 0x00000211c2bba768]
Event: 356.407 Thread 0x00000211da037f20  405       3       org.eclipse.jdt.launching.internal.org.objectweb.asm.ClassReader::readUtf (161 bytes)
Event: 356.408 Thread 0x00000211da037f20 

Event: 356.408 Thread 0x00000211da037f20  406       3       org.eclipse.jdt.launching.internal.org.objectweb.asm.SymbolTable::hash (10 bytes)
Event: 356.408 Thread 0x00000211da037f20 nmethod 406 0x00000211c2bba810 code [0x00000211c2bba9c0, 0x00000211c2bbab08]
Event: 423.605 Thread 0x00000211da037f20  407       3       org.eclipse.jdt.launching.internal.org.objectweb.asm.SymbolTable::addConstantUtf8 (20 bytes)
Event: 423.605 Thread 0x00000211da037f20 nmethod 407 0x00000211c2bbac10 code [0x00000211c2bbade0, 0x00000211c2bbb088]
Event: 423.605 Thread 0x00000211da037f20  408       3       org.eclipse.jdt.launching.internal.org.objectweb.asm.ClassReader::readUtf (161 bytes)
Event: 423.607 Thread 0x00000211da037f20 nmethod 408 0x00000211c2bbb210 code [0x00000211c2bbb3e0, 0x00000211c2bbb888]
Event: 423.607 Thread 0x00000211da037f20  409       3       org.eclipse.jdt.launching.internal.org.objectweb.asm.Symbol::<init> (38 bytes)
Event: 423.607 Thread 0x00000211da037f20 nmethod 409 0x00000211c2bbbb90 code [0x00000211c2bbbd40, 0x00000211c2bbbfd8]
Event: 481.494 Thread 0x00000211da0375d0  410       4       org.eclipse.jdt.launching.internal.org.objectweb.asm.ClassReader::readUnsignedShort (26 bytes)
Event: 481.496 Thread 0x00000211da0375d0 

Event: 685.211 Thread 0x00000211da037f20  411       1       java.security.ProtectionDomain::getCodeSource (5 bytes)
Event: 685.211 Thread 0x00000211da037f20 nmethod 411 0x00000211ca07f390 code [0x00000211ca07f520, 0x00000211ca07f5f8]
Event: 685.211 Thread 0x00000211da037f20  412       3       org.eclipse.jdt.launching.internal.org.objectweb.asm.ByteVector::putShort (52 bytes)
Event: 685.213 Thread 0x00000211da037f20 


GC Heap History (0 events):
No events

Deoptimization events (20 events):
Event: 0.325 Thread 0x00000211bd84be90 DEOPT PACKING pc=0x00000211c2ba31db sp=0x0000005fe07f8360
Event: 0.325 Thread 0x00000211bd84be90 DEOPT UNPACKING pc=0x00000211c25ddece sp=0x0000005fe07f77c8 mode 0
Event: 0.325 Thread 0x00000211bd84be90 DEOPT PACKING pc=0x00000211c2ba31db sp=0x0000005fe07f8360
Event: 0.325 Thread 0x00000211bd84be90 DEOPT UNPACKING pc=0x00000211c25ddece sp=0x0000005fe07f77c8 mode 0
Event: 0.326 Thread 0x00000211bd84be90 DEOPT PACKING pc=0x00000211c2ba31db sp=0x0000005fe07f82d0
Event: 0.326 Thread 0x00000211bd84be90 DEOPT UNPACKING pc=0x00000211c25ddece sp=0x0000005fe07f7738 mode 0
Event: 0.326 Thread 0x00000211bd84be90 DEOPT PACKING pc=0x00000211c2ba31db sp=0x0000005fe07f8360
Event: 0.326 Thread 0x00000211bd84be90 DEOPT UNPACKING pc=0x00000211c25ddece sp=0x0000005fe07f77c8 mode 0
Event: 0.328 Thread 0x00000211bd84be90 DEOPT PACKING pc=0x00000211c2ba31db sp=0x0000005fe07fbd90
Event: 0.328 Thread 0x00000211bd84be90 DEOPT UNPACKING pc=0x00000211c25ddece sp=0x0000005fe07fb1f8 mode 0
Event: 0.329 Thread 0x00000211bd84be90 DEOPT PACKING pc=0x00000211c2ba31db sp=0x0000005fe07fbd90
Event: 0.329 Thread 0x00000211bd84be90 DEOPT UNPACKING pc=0x00000211c25ddece sp=0x0000005fe07fb1f8 mode 0
Event: 0.329 Thread 0x00000211bd84be90 DEOPT PACKING pc=0x00000211c2ba31db sp=0x0000005fe07fbd90
Event: 0.329 Thread 0x00000211bd84be90 DEOPT UNPACKING pc=0x00000211c25ddece sp=0x0000005fe07fb1f8 mode 0
Event: 0.330 Thread 0x00000211bd84be90 DEOPT PACKING pc=0x00000211c2ba31db sp=0x0000005fe07f82e0
Event: 0.330 Thread 0x00000211bd84be90 DEOPT UNPACKING pc=0x00000211c25ddece sp=0x0000005fe07f7748 mode 0
Event: 0.338 Thread 0x00000211bd84be90 Uncommon trap: trap_request=0xffffff45 fr.pc=0x00000211ca07982c relative=0x000000000000018c
Event: 0.338 Thread 0x00000211bd84be90 Uncommon trap: reason=unstable_if action=reinterpret pc=0x00000211ca07982c method=java.lang.String.equals(Ljava/lang/Object;)Z @ 33 c2
Event: 0.338 Thread 0x00000211bd84be90 DEOPT PACKING pc=0x00000211ca07982c sp=0x0000005fe07ff650
Event: 0.338 Thread 0x00000211bd84be90 DEOPT UNPACKING pc=0x00000211c25dd72e sp=0x0000005fe07ff5f0 mode 2

Classes unloaded (0 events):
No events

Classes redefined (16 events):
Event: 99.941 Thread 0x00000211d95dee10 redefined class name=practice.ë¬¸í•­13ë²ˆ, count=1
Event: 117.509 Thread 0x00000211d95dee10 redefined class name=practice.ë¬¸í•­13ë²ˆ, count=2
Event: 167.731 Thread 0x00000211d95dee10 redefined class name=practice.ë¬¸í•­13ë²ˆ, count=3
Event: 222.978 Thread 0x00000211d95dee10 redefined class name=practice.ë¬¸í•­13ë²ˆ, count=4
Event: 264.222 Thread 0x00000211d95dee10 redefined class name=practice.ë¬¸í•­13ë²ˆ, count=5
Event: 320.148 Thread 0x00000211d95dee10 redefined class name=practice.ë¬¸í•­13ë²ˆ, count=6
Event: 348.268 Thread 0x00000211d95dee10 redefined class name=practice.ë¬¸í•­13ë²ˆ, count=7
Event: 356.407 Thread 0x00000211d95dee10 redefined class name=practice.ë¬¸í•­13ë²ˆ, count=8
Event: 423.605 Thread 0x00000211d95dee10 redefined class name=practice.ë¬¸í•­13ë²ˆ, count=9
Event: 481.495 Thread 0x00000211d95dee10 redefined class name=practice.ë¬¸í•­13ë²ˆ, count=10
Event: 524.877 Thread 0x00000211d95dee10 redefined class name=practice.ë¬¸í•­13ë²ˆ, count=11
Event: 558.600 Thread 0x00000211d95dee10 redefined class name=practice.ë¬¸í•­13ë²ˆ, count=12
Event: 649.368 Thread 0x00000211d95dee10 redefined class name=practice.ë¬¸í•­13ë²ˆ, count=13
Event: 666.790 Thread 0x00000211d95dee10 redefined class name=practice.ë¬¸í•­13ë²ˆ, count=14
Event: 685.212 Thread 0x00000211d95dee10 redefined class name=practice.ë¬¸í•­13ë²ˆ, count=15
Event: 740.457 Thread 0x00000211d95dee10 redefined class name=practice.ë¬¸í•­13ë²ˆ, count=16

Internal exceptions (1 events):
Event: 0.308 Thread 0x00000211bd84be90 Exception <a 'java/lang/NoSuchMethodError'{0x00000000897e9e50}: 'java.lang.Object java.lang.invoke.DirectMethodHandle$Holder.invokeStatic(java.lang.Object)'> (0x00000000897e9e50) 
thrown [t:\workspace\open\src\hotspot\share\interpreter\linkResolver.cpp, line 790]

Events (20 events):
Event: 666.798 Executing  VM operation: ChangeBreakpoints done
Event: 666.804 Executing  VM operation: ChangeBreakpoints
Event: 666.804 Executing  VM operation: ChangeBreakpoints done
Event: 685.211 Executing  VM operation: RedefineClasses
Event: 685.213 Executing  VM operation: RedefineClasses done
Event: 685.220 Executing  VM operation: ChangeBreakpoints
Event: 685.220 Executing  VM operation: ChangeBreakpoints done
Event: 685.221 Executing  VM operation: ChangeBreakpoints
Event: 685.221 Executing  VM operation: ChangeBreakpoints done
Event: 685.227 Executing  VM operation: ChangeBreakpoints
Event: 685.228 Executing  VM operation: ChangeBreakpoints done
Event: 740.456 Executing  VM operation: RedefineClasses
Event: 740.459 Executing  VM operation: RedefineClasses done
Event: 740.466 Executing  VM operation: ChangeBreakpoints
Event: 740.466 Executing  VM operation: ChangeBreakpoints done
Event: 740.466 Executing  VM operation: ChangeBreakpoints
Event: 740.466 Executing  VM operation: ChangeBreakpoints done
Event: 740.472 Executing  VM operation: ChangeBreakpoints
Event: 740.472 Executing  VM operation: ChangeBreakpoints done
Event: 914.210 Executing  VM operation: get/set locals


Dynamic libraries:
0x00007ff714860000 - 0x00007ff71486e000 	C:\Program Files\eclipse\eclipse-java-2021-06-R-win32-x86_64\eclipse\plugins\org.eclipse.justj.openjdk.hotspot.jre.full.win32.x86_64_16.0.1.v20210528-1205\jre\bin\javaw.exe
0x00007ffe7a450000 - 0x00007ffe7a645000 	C:\WINDOWS\SYSTEM32\ntdll.dll
0x00007ffe79840000 - 0x00007ffe798fd000 	C:\WINDOWS\System32\KERNEL32.DLL
0x00007ffe78050000 - 0x00007ffe78318000 	C:\WINDOWS\System32\KERNELBASE.dll
0x00007ffe78320000 - 0x00007ffe78420000 	C:\WINDOWS\System32\ucrtbase.dll
0x00007ffe69c30000 - 0x00007ffe69c48000 	C:\Program Files\eclipse\eclipse-java-2021-06-R-win32-x86_64\eclipse\plugins\org.eclipse.justj.openjdk.hotspot.jre.full.win32.x86_64_16.0.1.v20210528-1205\jre\bin\jli.dll
0x00007ffe66940000 - 0x00007ffe66959000 	C:\Program Files\eclipse\eclipse-java-2021-06-R-win32-x86_64\eclipse\plugins\org.eclipse.justj.openjdk.hotspot.jre.full.win32.x86_64_16.0.1.v20210528-1205\jre\bin\VCRUNTIME140.dll
0x00007ffe7a160000 - 0x00007ffe7a300000 	C:\WINDOWS\System32\USER32.dll
0x00007ffe77d40000 - 0x00007ffe77d62000 	C:\WINDOWS\System32\win32u.dll
0x00007ffe79040000 - 0x00007ffe7906a000 	C:\WINDOWS\System32\GDI32.dll
0x00007ffe77eb0000 - 0x00007ffe77fbb000 	C:\WINDOWS\System32\gdi32full.dll
0x00007ffe78420000 - 0x00007ffe784bd000 	C:\WINDOWS\System32\msvcp_win.dll
0x00007ffe64020000 - 0x00007ffe642ba000 	C:\WINDOWS\WinSxS\amd64_microsoft.windows.common-controls_6595b64144ccf1df_6.0.19041.1052_none_60b8f8fd71f5e8cb\COMCTL32.dll
0x00007ffe794b0000 - 0x00007ffe7954e000 	C:\WINDOWS\System32\msvcrt.dll
0x00007ffe7a130000 - 0x00007ffe7a160000 	C:\WINDOWS\System32\IMM32.DLL
0x00007ffe6bbd0000 - 0x00007ffe6bbdc000 	C:\Program Files\eclipse\eclipse-java-2021-06-R-win32-x86_64\eclipse\plugins\org.eclipse.justj.openjdk.hotspot.jre.full.win32.x86_64_16.0.1.v20210528-1205\jre\bin\vcruntime140_1.dll
0x00007ffe49e20000 - 0x00007ffe49eb1000 	C:\Program Files\eclipse\eclipse-java-2021-06-R-win32-x86_64\eclipse\plugins\org.eclipse.justj.openjdk.hotspot.jre.full.win32.x86_64_16.0.1.v20210528-1205\jre\bin\msvcp140.dll
0x00007ffe0e180000 - 0x00007ffe0ed2b000 	C:\Program Files\eclipse\eclipse-java-2021-06-R-win32-x86_64\eclipse\plugins\org.eclipse.justj.openjdk.hotspot.jre.full.win32.x86_64_16.0.1.v20210528-1205\jre\bin\server\jvm.dll
0x00007ffe795b0000 - 0x00007ffe7965c000 	C:\WINDOWS\System32\ADVAPI32.dll
0x00007ffe79730000 - 0x00007ffe797cb000 	C:\WINDOWS\System32\sechost.dll
0x00007ffe78e60000 - 0x00007ffe78f8b000 	C:\WINDOWS\System32\RPCRT4.dll
0x00007ffe7a120000 - 0x00007ffe7a128000 	C:\WINDOWS\System32\PSAPI.DLL
0x00007ffe701e0000 - 0x00007ffe701e9000 	C:\WINDOWS\SYSTEM32\WSOCK32.dll
0x00007ffe6bfc0000 - 0x00007ffe6bfe7000 	C:\WINDOWS\SYSTEM32\WINMM.dll
0x00007ffe71ee0000 - 0x00007ffe71eea000 	C:\WINDOWS\SYSTEM32\VERSION.dll
0x00007ffe797d0000 - 0x00007ffe7983b000 	C:\WINDOWS\System32\WS2_32.dll
0x00007ffe75aa0000 - 0x00007ffe75ab2000 	C:\WINDOWS\SYSTEM32\kernel.appcore.dll
0x00007ffe66d20000 - 0x00007ffe66d2a000 	C:\Program Files\eclipse\eclipse-java-2021-06-R-win32-x86_64\eclipse\plugins\org.eclipse.justj.openjdk.hotspot.jre.full.win32.x86_64_16.0.1.v20210528-1205\jre\bin\jimage.dll
0x00007ffe6dff0000 - 0x00007ffe6e1d4000 	C:\WINDOWS\SYSTEM32\DBGHELP.DLL
0x00007ffe65d10000 - 0x00007ffe65d3c000 	C:\WINDOWS\SYSTEM32\dbgcore.DLL
0x00007ffe77fc0000 - 0x00007ffe78043000 	C:\WINDOWS\System32\bcryptPrimitives.dll
0x00007ffe5ceb0000 - 0x00007ffe5ceeb000 	C:\Program Files\eclipse\eclipse-java-2021-06-R-win32-x86_64\eclipse\plugins\org.eclipse.justj.openjdk.hotspot.jre.full.win32.x86_64_16.0.1.v20210528-1205\jre\bin\jdwp.dll
0x00007ffe6aa00000 - 0x00007ffe6aa0e000 	C:\Program Files\eclipse\eclipse-java-2021-06-R-win32-x86_64\eclipse\plugins\org.eclipse.justj.openjdk.hotspot.jre.full.win32.x86_64_16.0.1.v20210528-1205\jre\bin\instrument.dll
0x00007ffe5a880000 - 0x00007ffe5a8a5000 	C:\Program Files\eclipse\eclipse-java-2021-06-R-win32-x86_64\eclipse\plugins\org.eclipse.justj.openjdk.hotspot.jre.full.win32.x86_64_16.0.1.v20210528-1205\jre\bin\java.dll
0x00007ffe5b5d0000 - 0x00007ffe5b5e8000 	C:\Program Files\eclipse\eclipse-java-2021-06-R-win32-x86_64\eclipse\plugins\org.eclipse.justj.openjdk.hotspot.jre.full.win32.x86_64_16.0.1.v20210528-1205\jre\bin\zip.dll
0x00007ffe78720000 - 0x00007ffe78e5f000 	C:\WINDOWS\System32\SHELL32.dll
0x00007ffe75ca0000 - 0x00007ffe76430000 	C:\WINDOWS\SYSTEM32\windows.storage.dll
0x00007ffe79070000 - 0x00007ffe793c5000 	C:\WINDOWS\System32\combase.dll
0x00007ffe77460000 - 0x00007ffe7748c000 	C:\WINDOWS\SYSTEM32\Wldp.dll
0x00007ffe78f90000 - 0x00007ffe7903e000 	C:\WINDOWS\System32\SHCORE.dll
0x00007ffe7a0c0000 - 0x00007ffe7a115000 	C:\WINDOWS\System32\shlwapi.dll
0x00007ffe77ad0000 - 0x00007ffe77aef000 	C:\WINDOWS\SYSTEM32\profapi.dll
0x00007ffe67160000 - 0x00007ffe6716c000 	C:\Program Files\eclipse\eclipse-java-2021-06-R-win32-x86_64\eclipse\plugins\org.eclipse.justj.openjdk.hotspot.jre.full.win32.x86_64_16.0.1.v20210528-1205\jre\bin\dt_socket.dll
0x00007ffe76f50000 - 0x00007ffe76f8b000 	C:\WINDOWS\SYSTEM32\IPHLPAPI.DLL
0x00007ffe77240000 - 0x00007ffe772aa000 	C:\WINDOWS\system32\mswsock.dll
0x00007ffe76f90000 - 0x00007ffe7705c000 	C:\WINDOWS\SYSTEM32\DNSAPI.dll
0x00007ffe7a0a0000 - 0x00007ffe7a0a8000 	C:\WINDOWS\System32\NSI.dll
0x00007ffe6dda0000 - 0x00007ffe6ddaa000 	C:\Windows\System32\rasadhlp.dll
0x00007ffe70720000 - 0x00007ffe7079f000 	C:\WINDOWS\System32\fwpuclnt.dll
0x00007ffe77d70000 - 0x00007ffe77d97000 	C:\WINDOWS\System32\bcrypt.dll
0x00007ffe59cf0000 - 0x00007ffe59d09000 	C:\Program Files\eclipse\eclipse-java-2021-06-R-win32-x86_64\eclipse\plugins\org.eclipse.justj.openjdk.hotspot.jre.full.win32.x86_64_16.0.1.v20210528-1205\jre\bin\net.dll
0x00007ffe70cc0000 - 0x00007ffe70dcb000 	C:\WINDOWS\SYSTEM32\WINHTTP.dll
0x00007ffe58940000 - 0x00007ffe58953000 	C:\Program Files\eclipse\eclipse-java-2021-06-R-win32-x86_64\eclipse\plugins\org.eclipse.justj.openjdk.hotspot.jre.full.win32.x86_64_16.0.1.v20210528-1205\jre\bin\nio.dll
0x00007ffe65d00000 - 0x00007ffe65d10000 	C:\Program Files\eclipse\eclipse-java-2021-06-R-win32-x86_64\eclipse\plugins\org.eclipse.justj.openjdk.hotspot.jre.full.win32.x86_64_16.0.1.v20210528-1205\jre\bin\verify.dll

dbghelp: loaded successfully - version: 4.0.5 - missing functions: none
symbol engine: initialized successfully - sym options: 0x614 - pdb path: .;C:\Program Files\eclipse\eclipse-java-2021-06-R-win32-x86_64\eclipse\plugins\org.eclipse.justj.openjdk.hotspot.jre.full.win32.x86_64_16.0.1.v20210528-1205\jre\bin;C:\WINDOWS\SYSTEM32;C:\WINDOWS\WinSxS\amd64_microsoft.windows.common-controls_6595b64144ccf1df_6.0.19041.1052_none_60b8f8fd71f5e8cb;C:\Program Files\eclipse\eclipse-java-2021-06-R-win32-x86_64\eclipse\plugins\org.eclipse.justj.openjdk.hotspot.jre.full.win32.x86_64_16.0.1.v20210528-1205\jre\bin\server

VM Arguments:
jvm_args: -XX:+ShowCodeDetailsInExceptionMessages -agentlib:jdwp=transport=dt_socket,suspend=y,address=localhost:49774 -javaagent:C:\Program Files\eclipse\eclipse-java-2021-06-R-win32-x86_64\eclipse\configuration\org.eclipse.osgi\222\0\.cp\lib\javaagent-shaded.jar -Dfile.encoding=MS949 
java_command: practice.¹®Ç×13¹ø
java_class_path (initial): C:\Users\°ÇÈñ\eclipse-workspace\Java_project_01\bin
Launcher Type: SUN_STANDARD

[Global flags]
     intx CICompilerCount                          = 4                                         {product} {ergonomic}
     uint ConcGCThreads                            = 2                                         {product} {ergonomic}
     uint G1ConcRefinementThreads                  = 8                                         {product} {ergonomic}
   size_t G1HeapRegionSize                         = 1048576                                   {product} {ergonomic}
    uintx GCDrainStackTargetSize                   = 64                                        {product} {ergonomic}
   size_t InitialHeapSize                          = 134217728                                 {product} {ergonomic}
   size_t MarkStackSize                            = 4194304                                   {product} {ergonomic}
   size_t MaxHeapSize                              = 2118123520                                {product} {ergonomic}
   size_t MaxNewSize                               = 1270874112                                {product} {ergonomic}
   size_t MinHeapDeltaBytes                        = 1048576                                   {product} {ergonomic}
   size_t MinHeapSize                              = 8388608                                   {product} {ergonomic}
    uintx NonNMethodCodeHeapSize                   = 5839372                                {pd product} {ergonomic}
    uintx NonProfiledCodeHeapSize                  = 122909434                              {pd product} {ergonomic}
    uintx ProfiledCodeHeapSize                     = 122909434                              {pd product} {ergonomic}
    uintx ReservedCodeCacheSize                    = 251658240                              {pd product} {ergonomic}
     bool SegmentedCodeCache                       = true                                      {product} {ergonomic}
     bool ShowCodeDetailsInExceptionMessages       = true                                   {manageable} {command line}
   size_t SoftMaxHeapSize                          = 2118123520                             {manageable} {ergonomic}
     bool UseCompressedClassPointers               = true                           {product lp64_product} {ergonomic}
     bool UseCompressedOops                        = true                           {product lp64_product} {ergonomic}
     bool UseG1GC                                  = true                                      {product} {ergonomic}
     bool UseLargePagesIndividualAllocation        = false                                  {pd product} {ergonomic}

Logging:
Log output configuration:
 #0: stdout all=warning uptime,level,tags
 #1: stderr all=off uptime,level,tags

Environment Variables:
JAVA_HOME=C:\Program Files\Java\jdk1.8.0_291
PATH=C:\Program Files\eclipse\eclipse-java-2021-06-R-win32-x86_64\eclipse\plugins\org.eclipse.justj.openjdk.hotspot.jre.full.win32.x86_64_16.0.1.v20210528-1205\jre\bin;C:/Program Files/eclipse/eclipse-java-2021-06-R-win32-x86_64/eclipse//plugins/org.eclipse.justj.openjdk.hotspot.jre.full.win32.x86_64_16.0.1.v20210528-1205/jre/bin/server;C:/Program Files/eclipse/eclipse-java-2021-06-R-win32-x86_64/eclipse//plugins/org.eclipse.justj.openjdk.hotspot.jre.full.win32.x86_64_16.0.1.v20210528-1205/jre/bin;C:\Program Files (x86)\Common Files\Oracle\Java\javapath;C:\python38-32\Scripts\;C:\python38-32\;C:\Program Files\Python39\Scripts\;C:\Program Files\Python39\;C:\WINDOWS\system32;C:\WINDOWS;C:\WINDOWS\System32\Wbem;C:\WINDOWS\System32\WindowsPowerShell\v1.0\;C:\WINDOWS\System32\OpenSSH\;C:\Program Files\Java\jdk1.8.0_291\bin\;C:\Users\°ÇÈñ\AppData\Local\Microsoft\WindowsApps;C:\Users\°ÇÈñ\AppData\Local\Programs\Microsoft VS Code\bin;C:\Users\°ÇÈñ\AppData\Local\atom\bin;C:\Program Files\eclipse\eclipse-java-2021-06-R-win32-x86_64\eclipse;
USERNAME=°ÇÈñ
OS=Windows_NT
PROCESSOR_IDENTIFIER=Intel64 Family 6 Model 142 Stepping 12, GenuineIntel



---------------  S Y S T E M  ---------------

OS:
 Windows 10 , 64 bit Build 19041 (10.0.19041.1023)
OS uptime: 7 days 8:34 hours
Hyper-V role detected

CPU: total 8 (initial active 8) (4 cores per cpu, 2 threads per core) family 6 model 142 stepping 12 microcode 0xd6, cx8, cmov, fxsr, ht, mmx, 3dnowpref, sse, sse2, sse3, ssse3, sse4.1, sse4.2, popcnt, lzcnt, tsc, tscinvbit, avx, avx2, aes, erms, clmul, bmi1, bmi2, adx, fma, vzeroupper, clflush, clflushopt, hv

Memory: 4k page, system-wide physical 8072M (1620M free)
TotalPageFile size 19848M (AvailPageFile size 9001M)
current process WorkingSet (physical memory assigned to process): 44M, peak: 46M
current process commit charge ("private bytes"): 210M, peak: 211M

vm_info: OpenJDK 64-Bit Server VM (16.0.1+9-24) for windows-amd64 JRE (16.0.1+9-24), built on Mar 26 2021 19:30:07 by "mach5one" with MS VC++ 16.7 (VS2019)

END.
